# JRE version: OpenJDK Runtime Environment (8.0_242-b01) (build 1.8.0_242-release-1644-b01)
# Java VM: OpenJDK 64-Bit Server VM (25.242-b01 mixed mode windows-amd64 compressed oops)
Heap:
 PSYoungGen      total 280576K, used 6504K [0x00000000d5580000, 0x00000000e8b00000, 0x0000000100000000)
  eden space 246272K, 2% used [0x00000000d5580000,0x00000000d5bda3e0,0x00000000e4600000)
  from space 34304K, 0% used [0x00000000e6580000,0x00000000e6580000,0x00000000e8700000)
  to   space 32256K, 0% used [0x00000000e4600000,0x00000000e4600000,0x00000000e6580000)
 ParOldGen       total 225792K, used 76797K [0x0000000080000000, 0x000000008dc80000, 0x00000000d5580000)
  object space 225792K, 34% used [0x0000000080000000,0x0000000084aff570,0x000000008dc80000)
 Metaspace       used 93775K, capacity 98480K, committed 98880K, reserved 1134592K
  class space    used 12443K, capacity 13404K, committed 13528K, reserved 1048576K
GC Heap History (10 events):
Event: 933.765 GC heap before
{Heap before GC invocations=20 (full 3):
 PSYoungGen      total 259072K, used 259046K [0x00000000d5580000, 0x00000000e7280000, 0x0000000100000000)
  eden space 235520K, 100% used [0x00000000d5580000,0x00000000e3b80000,0x00000000e3b80000)
  from space 23552K, 99% used [0x00000000e5a00000,0x00000000e70f9a70,0x00000000e7100000)
  to   space 28160K, 0% used [0x00000000e3b80000,0x00000000e3b80000,0x00000000e5700000)
 ParOldGen       total 141824K, used 61981K [0x0000000080000000, 0x0000000088a80000, 0x00000000d5580000)
  object space 141824K, 43% used [0x0000000080000000,0x0000000083c876e0,0x0000000088a80000)
 Metaspace       used 88652K, capacity 93182K, committed 93400K, reserved 1130496K
  class space    used 11827K, capacity 12748K, committed 12760K, reserved 1048576K
Event: 934.060 GC heap after
Heap after GC invocations=20 (full 3):
 PSYoungGen      total 235520K, used 8054K [0x00000000d5580000, 0x00000000e6980000, 0x0000000100000000)
  eden space 227328K, 0% used [0x00000000d5580000,0x00000000d5580000,0x00000000e3380000)
  from space 8192K, 98% used [0x00000000e3b80000,0x00000000e435db38,0x00000000e4380000)
  to   space 27648K, 0% used [0x00000000e4e80000,0x00000000e4e80000,0x00000000e6980000)
 ParOldGen       total 141824K, used 78970K [0x0000000080000000, 0x0000000088a80000, 0x00000000d5580000)
  object space 141824K, 55% used [0x0000000080000000,0x0000000084d1e918,0x0000000088a80000)
 Metaspace       used 88652K, capacity 93182K, committed 93400K, reserved 1130496K
  class space    used 11827K, capacity 12748K, committed 12760K, reserved 1048576K
}
Event: 1123.348 GC heap before
{Heap before GC invocations=21 (full 3):
 PSYoungGen      total 235520K, used 235382K [0x00000000d5580000, 0x00000000e6980000, 0x0000000100000000)
  eden space 227328K, 100% used [0x00000000d5580000,0x00000000e3380000,0x00000000e3380000)
  from space 8192K, 98% used [0x00000000e3b80000,0x00000000e435db38,0x00000000e4380000)
  to   space 27648K, 0% used [0x00000000e4e80000,0x00000000e4e80000,0x00000000e6980000)
 ParOldGen       total 141824K, used 78970K [0x0000000080000000, 0x0000000088a80000, 0x00000000d5580000)
  object space 141824K, 55% used [0x0000000080000000,0x0000000084d1e918,0x0000000088a80000)
 Metaspace       used 90475K, capacity 95124K, committed 95448K, reserved 1132544K
  class space    used 12028K, capacity 12931K, committed 13016K, reserved 1048576K
Event: 1123.419 GC heap after
Heap after GC invocations=21 (full 3):
 PSYoungGen      total 246784K, used 27632K [0x00000000d5580000, 0x00000000e7200000, 0x0000000100000000)
  eden space 219136K, 0% used [0x00000000d5580000,0x00000000d5580000,0x00000000e2b80000)
  from space 27648K, 99% used [0x00000000e4e80000,0x00000000e697c178,0x00000000e6980000)
  to   space 35840K, 0% used [0x00000000e2b80000,0x00000000e2b80000,0x00000000e4e80000)
 ParOldGen       total 141824K, used 89423K [0x0000000080000000, 0x0000000088a80000, 0x00000000d5580000)
  object space 141824K, 63% used [0x0000000080000000,0x0000000085753c10,0x0000000088a80000)
 Metaspace       used 90475K, capacity 95124K, committed 95448K, reserved 1132544K
  class space    used 12028K, capacity 12931K, committed 13016K, reserved 1048576K
}
Event: 1129.558 GC heap before
{Heap before GC invocations=22 (full 3):
 PSYoungGen      total 246784K, used 246768K [0x00000000d5580000, 0x00000000e7200000, 0x0000000100000000)
  eden space 219136K, 100% used [0x00000000d5580000,0x00000000e2b80000,0x00000000e2b80000)
  from space 27648K, 99% used [0x00000000e4e80000,0x00000000e697c178,0x00000000e6980000)
  to   space 35840K, 0% used [0x00000000e2b80000,0x00000000e2b80000,0x00000000e4e80000)
 ParOldGen       total 141824K, used 89423K [0x0000000080000000, 0x0000000088a80000, 0x00000000d5580000)
  object space 141824K, 63% used [0x0000000080000000,0x0000000085753c10,0x0000000088a80000)
 Metaspace       used 91780K, capacity 96558K, committed 96600K, reserved 1132544K
  class space    used 12184K, capacity 13136K, committed 13144K, reserved 1048576K
Event: 1129.686 GC heap after
Heap after GC invocations=22 (full 3):
 PSYoungGen      total 254976K, used 16615K [0x00000000d5580000, 0x00000000e8700000, 0x0000000100000000)
  eden space 219136K, 0% used [0x00000000d5580000,0x00000000d5580000,0x00000000e2b80000)
  from space 35840K, 46% used [0x00000000e2b80000,0x00000000e3bb9c30,0x00000000e4e80000)
  to   space 34304K, 0% used [0x00000000e6580000,0x00000000e6580000,0x00000000e8700000)
 ParOldGen       total 141824K, used 113311K [0x0000000080000000, 0x0000000088a80000, 0x00000000d5580000)
  object space 141824K, 79% used [0x0000000080000000,0x0000000086ea7ed0,0x0000000088a80000)
 Metaspace       used 91780K, capacity 96558K, committed 96600K, reserved 1132544K
  class space    used 12184K, capacity 13136K, committed 13144K, reserved 1048576K
}
Event: 1132.792 GC heap before
{Heap before GC invocations=23 (full 3):
 PSYoungGen      total 254976K, used 125374K [0x00000000d5580000, 0x00000000e8700000, 0x0000000100000000)
  eden space 219136K, 49% used [0x00000000d5580000,0x00000000dbfb5e00,0x00000000e2b80000)
  from space 35840K, 46% used [0x00000000e2b80000,0x00000000e3bb9c30,0x00000000e4e80000)
  to   space 34304K, 0% used [0x00000000e6580000,0x00000000e6580000,0x00000000e8700000)
 ParOldGen       total 141824K, used 113311K [0x0000000080000000, 0x0000000088a80000, 0x00000000d5580000)
  object space 141824K, 79% used [0x0000000080000000,0x0000000086ea7ed0,0x0000000088a80000)
 Metaspace       used 93644K, capacity 98434K, committed 98496K, reserved 1134592K
  class space    used 12421K, capacity 13369K, committed 13400K, reserved 1048576K
Event: 1132.883 GC heap after
Heap after GC invocations=23 (full 3):
 PSYoungGen      total 280576K, used 15324K [0x00000000d5580000, 0x00000000e8b00000, 0x0000000100000000)
  eden space 246272K, 0% used [0x00000000d5580000,0x00000000d5580000,0x00000000e4600000)
  from space 34304K, 44% used [0x00000000e6580000,0x00000000e74770d8,0x00000000e8700000)
  to   space 32256K, 0% used [0x00000000e4600000,0x00000000e4600000,0x00000000e6580000)
 ParOldGen       total 141824K, used 113319K [0x0000000080000000, 0x0000000088a80000, 0x00000000d5580000)
  object space 141824K, 79% used [0x0000000080000000,0x0000000086ea9ed0,0x0000000088a80000)
 Metaspace       used 93644K, capacity 98434K, committed 98496K, reserved 1134592K
  class space    used 12421K, capacity 13369K, committed 13400K, reserved 1048576K
}
Event: 1132.883 GC heap before
{Heap before GC invocations=24 (full 4):
 PSYoungGen      total 280576K, used 15324K [0x00000000d5580000, 0x00000000e8b00000, 0x0000000100000000)
  eden space 246272K, 0% used [0x00000000d5580000,0x00000000d5580000,0x00000000e4600000)
  from space 34304K, 44% used [0x00000000e6580000,0x00000000e74770d8,0x00000000e8700000)
  to   space 32256K, 0% used [0x00000000e4600000,0x00000000e4600000,0x00000000e6580000)
 ParOldGen       total 141824K, used 113319K [0x0000000080000000, 0x0000000088a80000, 0x00000000d5580000)
  object space 141824K, 79% used [0x0000000080000000,0x0000000086ea9ed0,0x0000000088a80000)
 Metaspace       used 93644K, capacity 98434K, committed 98496K, reserved 1134592K
  class space    used 12421K, capacity 13369K, committed 13400K, reserved 1048576K
Event: 1134.138 GC heap after
Heap after GC invocations=24 (full 4):
 PSYoungGen      total 280576K, used 0K [0x00000000d5580000, 0x00000000e8b00000, 0x0000000100000000)
  eden space 246272K, 0% used [0x00000000d5580000,0x00000000d5580000,0x00000000e4600000)
  from space 34304K, 0% used [0x00000000e6580000,0x00000000e6580000,0x00000000e8700000)
  to   space 32256K, 0% used [0x00000000e4600000,0x00000000e4600000,0x00000000e6580000)
 ParOldGen       total 225792K, used 76797K [0x0000000080000000, 0x000000008dc80000, 0x00000000d5580000)
  object space 225792K, 34% used [0x0000000080000000,0x0000000084aff570,0x000000008dc80000)
 Metaspace       used 93559K, capacity 98192K, committed 98496K, reserved 1134592K
  class space    used 12394K, capacity 13322K, committed 13400K, reserved 1048576K
}

